\BOOKMARK [0][-]{chapter.1}{\376\377\006\105\006\102\006\057\006\105\006\107}{}% 1
\BOOKMARK [1][-]{section.1.1}{\376\377\006\052\006\071\006\061\006\314\006\101\000\040\006\105\006\063\006\046\006\104\006\107\000\040\006\110\000\040\006\050\006\314\006\047\006\106\000\040\006\206\006\047\006\104\006\064\040\014\006\107\006\047}{chapter.1}% 2
\BOOKMARK [1][-]{section.1.2}{\376\377\006\061\006\110\006\064\000\040\006\052\006\055\006\102\006\314\006\102}{chapter.1}% 3
\BOOKMARK [1][-]{section.1.3}{\376\377\006\063\006\047\006\056\006\052\006\047\006\061\000\040\006\176\006\047\006\314\006\047\006\106\000\040\006\106\006\047\006\105\006\107}{chapter.1}% 4
\BOOKMARK [0][-]{chapter.2}{\376\377\006\105\006\061\006\110\006\061\000\040\006\105\006\101\006\047\006\107\006\314\006\105\000\040\006\176\006\047\006\314\006\107}{}% 5
\BOOKMARK [1][-]{section.2.1}{\376\377\006\105\006\102\006\057\006\105\006\107}{chapter.2}% 6
\BOOKMARK [1][-]{section.2.2}{\376\377\000D\000e\000v\000O\000p\000s}{chapter.2}% 7
\BOOKMARK [2][-]{subsection.2.2.1}{\376\377\006\052\006\071\006\061\006\314\006\101}{section.2.2}% 8
\BOOKMARK [2][-]{subsection.2.2.2}{\376\377\006\206\006\061\006\056\006\107\000\040\006\251\006\047\006\061\006\314}{section.2.2}% 9
\BOOKMARK [2][-]{subsection.2.2.3}{\376\377\006\056\006\067\000\040\006\104\006\110\006\104\006\107\000\040\000C\000I\000/\000C\000D}{section.2.2}% 10
\BOOKMARK [2][-]{subsection.2.2.4}{\376\377\006\105\006\062\006\047\006\314\006\047\006\314\000\040\006\105\006\052\006\057\006\104\006\110\006\230\006\314\000\040\000D\000e\000v\000O\000p\000s}{section.2.2}% 11
\BOOKMARK [1][-]{section.2.3}{\376\377\006\105\006\054\006\047\006\062\006\314\000\040\006\063\006\047\006\062\006\314\000\040\006\110\000\040\006\251\006\047\006\106\006\052\006\314\006\106\006\061\006\107\006\047}{chapter.2}% 12
\BOOKMARK [2][-]{subsection.2.3.1}{\376\377\006\105\006\054\006\047\006\062\006\314\000\040\006\063\006\047\006\062\006\314}{section.2.3}% 13
\BOOKMARK [2][-]{subsection.2.3.2}{\376\377\006\251\006\047\006\106\006\052\006\314\006\106\006\061\006\107\006\047}{section.2.3}% 14
\BOOKMARK [2][-]{subsection.2.3.3}{\376\377\006\107\006\105\006\047\006\107\006\106\006\257\000\040\006\063\006\047\006\062\006\314\000\040\006\251\006\047\006\106\006\052\006\314\006\106\006\061\006\107\006\047\000\040\000\050\006\251\006\110\006\050\006\061\006\106\006\052\006\314\006\062\000\051}{section.2.3}% 15
\BOOKMARK [0][-]{chapter.3}{\376\377\006\105\006\061\006\110\006\061\006\314\000\040\006\050\006\061\000\040\006\105\006\101\006\047\006\107\006\314\006\105\000\040\000M\000L\000O\000p\000s}{}% 16
\BOOKMARK [1][-]{section.3.1}{\376\377\006\105\006\102\006\057\006\105\006\107}{chapter.3}% 17
\BOOKMARK [1][-]{section.3.2}{\376\377\006\052\006\071\006\061\006\314\006\101\000\040\006\105\006\101\006\047\006\107\006\314\006\105\000\040\006\047\006\110\006\104\006\314\006\107}{chapter.3}% 18
\BOOKMARK [2][-]{subsection.3.2.1}{\376\377\006\047\006\065\006\110\006\104}{section.3.2}% 19
\BOOKMARK [2][-]{subsection.3.2.2}{\376\377\006\047\006\054\006\062\006\047\006\041}{section.3.2}% 20
\BOOKMARK [2][-]{subsection.3.2.3}{\376\377\006\106\006\102\006\064\000\040\006\107\006\047}{section.3.2}% 21
\BOOKMARK [1][-]{section.3.3}{\376\377\006\105\006\071\006\105\006\047\006\061\006\314\000\040\006\054\006\047\006\105\006\071}{chapter.3}% 22
\BOOKMARK [0][-]{chapter.4}{\376\377\006\067\006\061\006\047\006\055\006\314\000\040\006\176\006\104\006\052\006\101\006\061\006\105\000\040\000M\000L\000O\000p\000s}{}% 23
\BOOKMARK [1][-]{section.4.1}{\376\377\006\105\006\102\006\057\006\105\006\107}{chapter.4}% 24
\BOOKMARK [1][-]{section.4.2}{\376\377\006\063\006\314\006\063\006\052\006\105\000\040\006\105\006\057\006\314\006\061\006\314\006\052\000\040\006\176\006\104\006\052\006\101\006\061\006\105}{chapter.4}% 25
\BOOKMARK [2][-]{subsection.4.2.1}{\376\377\006\105\006\057\006\314\006\061\006\314\006\052\000\040\006\176\006\314\006\251\006\061\006\050\006\106\006\057\006\314\000\040\006\110\000\040\006\101\006\061\006\047\006\107\006\105\040\014\006\063\006\047\006\062\006\314\000\040\006\062\006\314\006\061\006\063\006\047\006\056\006\052}{section.4.2}% 26
\BOOKMARK [2][-]{subsection.4.2.2}{\376\377\006\056\006\067\000\040\006\104\006\110\006\104\006\107\000\040\000C\000I\000/\000C\000D}{section.4.2}% 27
\BOOKMARK [2][-]{subsection.4.2.3}{\376\377\006\105\006\056\006\062\006\106\000\040\006\251\006\057\000\040\006\105\006\106\006\050\006\071}{section.4.2}% 28
\BOOKMARK [2][-]{subsection.4.2.4}{\376\377\006\105\006\056\006\062\006\106\000\040\006\105\006\044\006\104\006\101\006\107\040\014\006\107\006\047}{section.4.2}% 29
\BOOKMARK [1][-]{section.4.3}{\376\377\006\105\006\071\006\105\006\047\006\061\006\314\000\040\006\056\006\110\006\064\006\107\000\040\006\251\006\110\006\050\006\061\006\106\006\052\006\314\006\062}{chapter.4}% 30
\BOOKMARK [2][-]{subsection.4.3.1}{\376\377\006\105\006\057\006\314\006\061\006\314\006\052\000\040\006\057\006\047\006\057\006\107\000\040\006\110\000\040\006\105\006\057\006\104}{section.4.3}% 31
\BOOKMARK [2][-]{subsection.4.3.2}{\376\377\006\064\006\050\006\251\006\107}{section.4.3}% 32
\BOOKMARK [2][-]{subsection.4.3.3}{\376\377\006\105\006\057\006\314\006\061\006\314\006\052\000\040\006\251\006\047\006\061\006\050\006\061\006\047\006\106\000\040\006\110\000\040\006\206\006\106\006\057\006\105\006\063\006\052\006\047\006\054\006\061\006\314}{section.4.3}% 33
\BOOKMARK [2][-]{subsection.4.3.4}{\376\377\006\106\006\070\006\047\006\061\006\052}{section.4.3}% 34
\BOOKMARK [2][-]{subsection.4.3.5}{\376\377\006\047\006\063\006\052\006\102\006\061\006\047\006\061\000\040\006\105\006\057\006\104}{section.4.3}% 35
\BOOKMARK [2][-]{subsection.4.3.6}{\376\377\006\054\006\061\006\314\006\047\006\106\000\040\006\251\006\047\006\061\006\314\000\040\006\314\006\047\006\057\006\257\006\314\006\061\006\314\000\040\006\105\006\047\006\064\006\314\006\106}{section.4.3}% 36
\BOOKMARK [1][-]{section.4.4}{\376\377\006\105\006\071\006\105\006\047\006\061\006\314\000\040\006\176\006\104\006\052\006\101\006\061\006\105}{chapter.4}% 37
\BOOKMARK [0][-]{chapter.5}{\376\377\006\176\006\314\006\047\006\057\006\107\040\014\006\063\006\047\006\062\006\314\000\040\006\110\000\040\006\106\006\052\006\047\006\314\006\054}{}% 38
\BOOKMARK [1][-]{section.5.1}{\376\377\006\105\006\102\006\057\006\105\006\107}{chapter.5}% 39
\BOOKMARK [1][-]{section.5.2}{\376\377\006\176\006\314\006\047\006\057\006\107\000\040\006\063\006\047\006\062\006\314\000\040\006\176\006\104\006\052\006\101\006\061\006\105}{chapter.5}% 40
\BOOKMARK [2][-]{subsection.5.2.1}{\376\377\006\063\006\314\006\063\006\052\006\105\000\040\006\105\006\057\006\314\006\061\006\314\006\052}{section.5.2}% 41
\BOOKMARK [2][-]{subsection.5.2.2}{\376\377\006\056\006\110\006\064\006\107\000\040\006\251\006\110\006\050\006\061\006\106\006\052\006\314\006\062}{section.5.2}% 42
\BOOKMARK [1][-]{section.5.3}{\376\377\006\055\006\104\000\040\006\105\006\063\006\046\006\104\006\107\000\040\006\110\000\040\006\106\006\052\006\047\006\314\006\054}{chapter.5}% 43
\BOOKMARK [2][-]{subsection.5.3.1}{\376\377\006\105\006\063\006\046\006\104\006\107\000\040\006\052\006\064\006\056\006\314\006\065\000\040\006\047\006\061\006\102\006\047\006\105}{section.5.3}% 44
\BOOKMARK [2][-]{subsection.5.3.2}{\376\377\006\105\006\063\006\046\006\104\006\107\000\040\006\052\006\055\006\104\006\314\006\104\000\040\006\047\006\055\006\063\006\047\006\063\006\047\006\052\000\040\006\057\006\061\000\040\006\050\006\047\006\062\006\047\006\061\000\040\006\063\006\107\006\047\006\105}{section.5.3}% 45
\BOOKMARK [0][-]{chapter.6}{\376\377\006\106\006\052\006\314\006\054\006\107\040\014\006\257\006\314\006\061\006\314\000\040\006\110\000\040\006\176\006\314\006\064\006\106\006\107\006\047\006\057\006\047\006\052}{}% 46
